
/************************************************************************************************************************************/
/*                                                                                                                                  */
/*                                     ISOLAR-A : Headless EcuExtract Report                                                       */
/*                                                                                                                                  */

/************************************************************************************************************************************/

[Command Line Arguments ] : [-ecuextract, --ecuinstance=ParkBrake, --otheropt=C:\Users\mis1mi\Documents\projects\nevs\system_template\ParkBrake\EcuExtract_CLI_Input.txt]


/************************************************************************************************************************************/

[WARNING-MESSAGE] : [EcuExtract_WARN_21] System version is not specified, default System version will be added to the extracted System

[INFO-MESSAGE] : [EcuExtract_OK_02] List of *.arxml files which has been affected due to iterative development of ECU Extract are: [ParkBrakeSystem_EcuExtr.arxml]


/************************************************************************************************************************************/


EcuExtract is generated successfully.


Generated on 2022/01/19 15:30:41
/******************************************************END OF REPORT*****************************************************************/

/************************************************************************************************************************************/
/*                                                                                                                                  */
/*                                     ISOLAR-A : Headless EcuExtract Report                                                       */
/*                                                                                                                                  */

/************************************************************************************************************************************/

[Command Line Arguments ] : [-ecuextract, --ecuinstance=ParkBrake, --otheropt=C:\Users\mis1mi\Documents\projects\nevs\system_template\ParkBrake\EcuExtract_CLI_Input.txt]


/************************************************************************************************************************************/

[WARNING-MESSAGE] : [EcuExtract_WARN_21] System version is not specified, default System version will be added to the extracted System

[INFO-MESSAGE] : [EcuExtract_OK_02] List of *.arxml files which has been affected due to iterative development of ECU Extract are: [ParkBrakeSystem_EcuExtr.arxml]


/************************************************************************************************************************************/


EcuExtract is generated successfully.


Generated on 2022/01/19 15:31:18
/******************************************************END OF REPORT*****************************************************************/

/************************************************************************************************************************************/
/*                                                                                                                                  */
/*                                     ISOLAR-A : Headless EcuExtract Report                                                       */
/*                                                                                                                                  */

/************************************************************************************************************************************/

[Command Line Arguments ] : [-ecuextract, --ecuinstance=ParkBrake, --otheropt=C:\Users\mis1mi\Documents\projects\nevs\system_template\ParkBrake\EcuExtract_CLI_Input.txt]


/************************************************************************************************************************************/

[WARNING-MESSAGE] : [EcuExtract_WARN_21] System version is not specified, default System version will be added to the extracted System

[INFO-MESSAGE] : [EcuExtract_OK_02] List of *.arxml files which has been affected due to iterative development of ECU Extract are: [ParkBrakeSystem_EcuExtr.arxml]


/************************************************************************************************************************************/


EcuExtract is generated successfully.


Generated on 2022/01/19 15:31:56
/******************************************************END OF REPORT*****************************************************************/

/************************************************************************************************************************************/
/*                                                                                                                                  */
/*                                     ISOLAR-A : Headless EcuExtract Report                                                       */
/*                                                                                                                                  */

/************************************************************************************************************************************/

[Command Line Arguments ] : [-ecuextract, --ecuinstance=ParkBrake, --otheropt=C:\Users\mis1mi\Documents\projects\nevs\system_template\ParkBrake\EcuExtract_CLI_Input.txt]


/************************************************************************************************************************************/

[WARNING-MESSAGE] : [EcuExtract_WARN_21] System version is not specified, default System version will be added to the extracted System

[INFO-MESSAGE] : [EcuExtract_OK_02] List of *.arxml files which has been affected due to iterative development of ECU Extract are: [ParkBrakeSystem_EcuExtr.arxml]


/************************************************************************************************************************************/


EcuExtract is generated successfully.


Generated on 2022/01/19 15:32:18
/******************************************************END OF REPORT*****************************************************************/

/************************************************************************************************************************************/
/*                                                                                                                                  */
/*                                     ISOLAR-A : Headless EcuExtract Report                                                       */
/*                                                                                                                                  */

/************************************************************************************************************************************/

[Command Line Arguments ] : [-ecuextract, --ecuinstance=ParkBrake, --otheropt=C:\Users\mis1mi\Documents\projects\nevs\system_template\ParkBrake\EcuExtract_CLI_Input.txt]


/************************************************************************************************************************************/

[WARNING-MESSAGE] : [EcuExtract_WARN_21] System version is not specified, default System version will be added to the extracted System

[INFO-MESSAGE] : [EcuExtract_OK_02] List of *.arxml files which has been affected due to iterative development of ECU Extract are: [ParkBrakeSystem_EcuExtr.arxml]


/************************************************************************************************************************************/


EcuExtract is generated successfully.


Generated on 2022/01/19 15:33:20
/******************************************************END OF REPORT*****************************************************************/

/************************************************************************************************************************************/
/*                                                                                                                                  */
/*                                     ISOLAR-A : Headless EcuExtract Report                                                       */
/*                                                                                                                                  */

/************************************************************************************************************************************/

[Command Line Arguments ] : [-ecuextract, --ecuinstance=ParkBrake, --otheropt=C:\Users\mis1mi\Documents\projects\nevs\system_template\ParkBrake\EcuExtract_CLI_Input.txt]


/************************************************************************************************************************************/

[WARNING-MESSAGE] : [EcuExtract_WARN_21] System version is not specified, default System version will be added to the extracted System

[INFO-MESSAGE] : [EcuExtract_OK_02] List of *.arxml files which has been affected due to iterative development of ECU Extract are: [ParkBrakeSystem_EcuExtr.arxml]


/************************************************************************************************************************************/


EcuExtract is generated successfully.


Generated on 2022/01/19 15:34:49
/******************************************************END OF REPORT*****************************************************************/

/************************************************************************************************************************************/
/*                                                                                                                                  */
/*                                     ISOLAR-A : Headless EcuExtract Report                                                       */
/*                                                                                                                                  */

/************************************************************************************************************************************/

[Command Line Arguments ] : [-ecuextract, --ecuinstance=ParkBrake, --otheropt=C:\Users\mis1mi\Documents\projects\nevs\system_template\ParkBrake\EcuExtract_CLI_Input.txt]


/************************************************************************************************************************************/

[WARNING-MESSAGE] : [EcuExtract_WARN_21] System version is not specified, default System version will be added to the extracted System

[INFO-MESSAGE] : [EcuExtract_OK_02] List of *.arxml files which has been affected due to iterative development of ECU Extract are: [ParkBrakeSystem_EcuExtr.arxml]


/************************************************************************************************************************************/


EcuExtract is generated successfully.


Generated on 2022/01/19 15:35:06
/******************************************************END OF REPORT*****************************************************************/

/************************************************************************************************************************************/
/*                                                                                                                                  */
/*                                     ISOLAR-A : Headless EcuExtract Report                                                       */
/*                                                                                                                                  */

/************************************************************************************************************************************/

[Command Line Arguments ] : [-ecuextract, --ecuinstance=ParkBrake, --otheropt=C:\Users\mis1mi\Documents\projects\nevs\system_template\ParkBrake\EcuExtract_CLI_Input.txt]


/************************************************************************************************************************************/

[WARNING-MESSAGE] : [EcuExtract_WARN_21] System version is not specified, default System version will be added to the extracted System

[INFO-MESSAGE] : [EcuExtract_OK_02] List of *.arxml files which has been affected due to iterative development of ECU Extract are: [ParkBrakeSystem_EcuExtr.arxml]


/************************************************************************************************************************************/


EcuExtract is generated successfully.


Generated on 2022/01/19 15:35:28
/******************************************************END OF REPORT*****************************************************************/

/************************************************************************************************************************************/
/*                                                                                                                                  */
/*                                     ISOLAR-A : Headless EcuExtract Report                                                       */
/*                                                                                                                                  */

/************************************************************************************************************************************/

[Command Line Arguments ] : [-ecuextract, --ecuinstance=ParkBrake, --otheropt=C:\Users\mis1mi\Documents\projects\nevs\system_template\ParkBrake\EcuExtract_CLI_Input.txt]


/************************************************************************************************************************************/

[WARNING-MESSAGE] : [EcuExtract_WARN_21] System version is not specified, default System version will be added to the extracted System

[INFO-MESSAGE] : [EcuExtract_OK_02] List of *.arxml files which has been affected due to iterative development of ECU Extract are: [ParkBrakeSystem_EcuExtr.arxml]


/************************************************************************************************************************************/


EcuExtract is generated successfully.


Generated on 2022/01/19 15:37:28
/******************************************************END OF REPORT*****************************************************************/

/************************************************************************************************************************************/
/*                                                                                                                                  */
/*                                     ISOLAR-A : Headless EcuExtract Report                                                       */
/*                                                                                                                                  */

/************************************************************************************************************************************/

[Command Line Arguments ] : [-ecuextract, --ecuinstance=ParkBrake, --otheropt=C:\Users\mis1mi\Documents\projects\nevs\system_template\ParkBrake\EcuExtract_CLI_Input.txt]


/************************************************************************************************************************************/

[WARNING-MESSAGE] : [EcuExtract_WARN_21] System version is not specified, default System version will be added to the extracted System

[INFO-MESSAGE] : [EcuExtract_OK_02] List of *.arxml files which has been affected due to iterative development of ECU Extract are: [ParkBrakeSystem_EcuExtr.arxml]


/************************************************************************************************************************************/


EcuExtract is generated successfully.


Generated on 2022/01/19 15:41:05
/******************************************************END OF REPORT*****************************************************************/

/************************************************************************************************************************************/
/*                                                                                                                                  */
/*                                     ISOLAR-A : Headless EcuExtract Report                                                       */
/*                                                                                                                                  */

/************************************************************************************************************************************/

[Command Line Arguments ] : [-ecuextract, --ecuinstance=ParkBrake, --otheropt=C:\Users\mis1mi\Documents\projects\nevs\mem_os\ParkBrake\EcuExtract_CLI_Input.txt]


/************************************************************************************************************************************/

[WARNING-MESSAGE] : [EcuExtract_WARN_21] System version is not specified, default System version will be added to the extracted System

[INFO-MESSAGE] : [EcuExtract_OK_02] List of *.arxml files which has been affected due to iterative development of ECU Extract are: [ParkBrakeSystem_EcuExtr.arxml]


/************************************************************************************************************************************/


EcuExtract is generated successfully.


Generated on 2022/02/01 11:31:09
/******************************************************END OF REPORT*****************************************************************/
