********************************************************************************
Build Execution started
********************************************************************************
Tool Version : ISOLAR-A/B 9.2 
Tool Build Id :20211108_1800
Date : Mon Feb 28 18:00:39 CET 2022
Project : ParkBrake
********************************************************************************

********************************************************************************
Project clean execution has started at 18:00:40:102 hh:mm:ss:ms 
********************************************************************************
C:\Users\mis1mi\Documents\projects\nevs\mode_management\ParkBrake\src\rte directory cleaned
Clean action: RTA_RTE 
********************************************************************************
Project clean execution has been completed
Time taken to run Project Clean :: 00:00:00:026 hh:mm:ss:ms 
********************************************************************************
********************************************************************************
Pre build execution has started at 18:00:40:344 hh:mm:ss:ms 
********************************************************************************
Pre build validation successfully completed
Execute action: RtePreProcessor 
********************************************************************************
Execution of action RtePreProcessor successfully completed
********************************************************************************
********************************************************************************
Main build execution has started at 18:00:46:295 hh:mm:ss:ms 
********************************************************************************
Execute action: RTA_RTE 
********************************************************************************
Command line options: 
-q 1 -r /DBC_SysDesc_Can_Network/Pkg_Ecu/ParkBrake -o [*.*]C:/Users/mis1mi/Documents/projects/nevs/mode_management/ParkBrake/src/rte -f C:/Users/mis1mi/Documents/projects/nevs/mode_management/ParkBrake/src/rte/rtegen_files.lst [ C:/Users/mis1mi/AppData/Local/Temp/rta/rte/AR1911/ecu_config/bsw/gen/bswmd/CanIf_Cfg_BSWMD.arxml C:/Users/mis1mi/AppData/Local/Temp/rta/rte/AR1911/ecu_config/bsw/gen/bswmd/CanSM_EOC.arxml C:/Users/mis1mi/AppData/Local/Temp/rta/rte/AR1911/ecu_config/bsw/gen/bswmd/EcuM_BSWMD.arxml C:/Users/mis1mi/AppData/Local/Temp/rta/rte/AR1911/system_config/Standard_Types.arxml C:/Users/mis1mi/AppData/Local/Temp/rta/rte/AR1911/system_config/PlatformBaseOld_Types.arxml C:/Users/mis1mi/AppData/Local/Temp/rta/rte/AR1911/ecu_config/bsw/gen/bswmd/BswM_Cfg_BSWMD.arxml C:/Users/mis1mi/AppData/Local/Temp/rta/rte/AR1911/ecu_config/bsw/gen/bswmd/Fee_BSWMD.arxml C:/Users/mis1mi/AppData/Local/Temp/rta/rte/AR1911/ecu_config/bsw/gen/swcd/EcuM_Cfg_SWCD.arxml C:/Users/mis1mi/AppData/Local/Temp/rta/rte/AR1911/ecu_config/bsw/internal/bswmd_ecuc_values/PduR_Prot_EcucValues.arxml C:/Users/mis1mi/AppData/Local/Temp/rta/rte/AR1911/ecu_config/bsw/gen/bswmd/ComM_Cfg_BSWMD.arxml C:/Users/mis1mi/AppData/Local/Temp/rta/rte/AR1911/ecu_config/bsw/internal/bswmd_ecuc_values/CanIf_Prot_EcucValues.arxml C:/Users/mis1mi/AppData/Local/Temp/rta/rte/AR1911/ecu_config/bsw/gen/Com_Flatmap.arxml C:/Users/mis1mi/AppData/Local/Temp/rta/rte/AR1911/ParkBrake_FlatMap.arxml C:/Users/mis1mi/AppData/Local/Temp/rta/rte/AR1911/ecu_config/bsw/gen/bswmd/NvM_Cfg_BSWMD.arxml C:/Users/mis1mi/AppData/Local/Temp/rta/rte/AR1911/system_config/rba_CUCELCompuMethods_BSWMD.arxml C:/Users/mis1mi/AppData/Local/Temp/rta/rte/AR1911/ecu_config/bsw/gen/bswmd/MemIf_Cfg_BSWMD.arxml C:/Users/mis1mi/AppData/Local/Temp/rta/rte/AR1911/asw_config/SystemSWC.arxml C:/Users/mis1mi/AppData/Local/Temp/rta/rte/AR1911/ecu_config/bsw/gen/bswmd/Com_Cfg_BSWMD.arxml C:/Users/mis1mi/AppData/Local/Temp/rta/rte/AR1911/asw_config/ParkSWC.arxml C:/Users/mis1mi/AppData/Local/Temp/rta/rte/AR1911/ISOLAR_PlatformTypes.arxml C:/Users/mis1mi/AppData/Local/Temp/rta/rte/AR1911/system_config/rba_CUCELSwAddrMethod_BSWMD.arxml C:/Users/mis1mi/AppData/Local/Temp/rta/rte/AR1911/ecu_config/bsw/gen/Com_EOC.arxml C:/Users/mis1mi/AppData/Local/Temp/rta/rte/AR1911/asw_config/MSI_ShutDown.arxml C:/Users/mis1mi/AppData/Local/Temp/rta/rte/AR1911/ecu_config/bsw/BswM.arxml C:/Users/mis1mi/AppData/Local/Temp/rta/rte/AR1911/ecu_config/bsw/gen/bswmd/CanSM_BSWMD.arxml C:/Users/mis1mi/AppData/Local/Temp/rta/rte/AR1911/ecu_config/bsw/internal/bswmd_ecuc_values/Com_Prot_EcucValues.arxml C:/Users/mis1mi/AppData/Local/Temp/rta/rte/AR1911/system_config/PlatformOld_Types.arxml C:/Users/mis1mi/AppData/Local/Temp/rta/rte/AR1911/asw_config/PortInterfaces.arxml C:/Users/mis1mi/AppData/Local/Temp/rta/rte/AR1911/ecu_config/bsw/gen/bswmd/NvM_Static_Cfg_BSWMD.arxml C:/Users/mis1mi/AppData/Local/Temp/rta/rte/AR1911/system_config/System.arxml C:/Users/mis1mi/AppData/Local/Temp/rta/rte/AR1911/ecu_config/bsw/gen/bswmd/ComM_BSWMD.arxml C:/Users/mis1mi/AppData/Local/Temp/rta/rte/AR1911/ecu_config/bsw/gen/bswmd/Crc_Cfg_BSWMD.arxml C:/Users/mis1mi/AppData/Local/Temp/rta/rte/AR1911/asw_config/MemSWC.arxml C:/Users/mis1mi/AppData/Local/Temp/rta/rte/AR1911/ecu_config/bsw/Can_BSWMD.arxml C:/Users/mis1mi/AppData/Local/Temp/rta/rte/AR1911/system_config/Platform_Types.arxml C:/Users/mis1mi/AppData/Local/Temp/rta/rte/AR1911/ecu_config/bsw/gen/bswmd/rba_MemLib_BSWMD.arxml C:/Users/mis1mi/AppData/Local/Temp/rta/rte/AR1911/ecu_config/bsw/internal/bswmd_ecuc_values/CanSM_Prot_EcucValues.arxml C:/Users/mis1mi/AppData/Local/Temp/rta/rte/AR1911/system_config/PlatformBase_Types.arxml C:/Users/mis1mi/AppData/Local/Temp/rta/rte/AR1911/ecu_config/bsw/gen/bswmd/Bfx_BSWMD.arxml C:/Users/mis1mi/AppData/Local/Temp/rta/rte/AR1911/ecu_config/bsw/gen/bswmd/PduR_BSWMD.arxml C:/Users/mis1mi/AppData/Local/Temp/rta/rte/AR1911/ecu_config/bsw/gen/swcd/BswM_Cfg_SWCD.arxml C:/Users/mis1mi/AppData/Local/Temp/rta/rte/AR1911/ecu_config/bsw/Rte_Split.arxml C:/Users/mis1mi/AppData/Local/Temp/rta/rte/AR1911/ecu_config/bsw/Crc.arxml C:/Users/mis1mi/AppData/Local/Temp/rta/rte/AR1911/ecu_config/bsw/gen/ComStack_Types.arxml C:/Users/mis1mi/AppData/Local/Temp/rta/rte/AR1911/ecu_config/bsw/Bfx.arxml C:/Users/mis1mi/AppData/Local/Temp/rta/rte/AR1911/ecu_config/bsw/internal/ComStack_EcucValues.arxml C:/Users/mis1mi/AppData/Local/Temp/rta/rte/AR1911/ecu_config/bsw/gen/bswmd/EcuM_Cfg_BSWMD.arxml C:/Users/mis1mi/AppData/Local/Temp/rta/rte/AR1911/ecu_config/bsw/gen/bswmd/Com_BSWMD.arxml C:/Users/mis1mi/AppData/Local/Temp/rta/rte/AR1911/ecu_config/bsw/gen/bswmd/CanIf_BSWMD.arxml C:/Users/mis1mi/AppData/Local/Temp/rta/rte/AR1911/ecu_config/bsw/internal/bswmd_ecuc_values/ComM_Prot_EcucValues.arxml C:/Users/mis1mi/AppData/Local/Temp/rta/rte/AR1911/ecu_config/bsw/gen/swcd/NvM_Cfg_SWCD.arxml C:/Users/mis1mi/AppData/Local/Temp/rta/rte/AR1911/ecu_config/bsw/gen/swcd/ComM_Cfg_SWCD.arxml C:/Users/mis1mi/AppData/Local/Temp/rta/rte/AR1911/ParkBrake_FlatView_SWCD.arxml C:/Users/mis1mi/AppData/Local/Temp/rta/rte/AR1911/ecu_config/bsw/gen/bswmd/CanIf_EOC.arxml C:/Users/mis1mi/AppData/Local/Temp/rta/rte/AR1911/ecu_config/bsw/gen/bswmd/PduR_Cfg_BSWMD.arxml C:/Users/mis1mi/AppData/Local/Temp/rta/rte/AR1911/asw_config/ComSWC.arxml C:/Users/mis1mi/AppData/Local/Temp/rta/rte/AR1911/system_config/PlatformSwBasePatch_Types.arxml C:/Users/mis1mi/AppData/Local/Temp/rta/rte/AR1911/ecu_config/bsw/gen/swcd/ComM_SWCD.arxml C:/Users/mis1mi/AppData/Local/Temp/rta/rte/AR1911/ecu_config/bsw/gen/ComM_EOC.arxml C:/Users/mis1mi/AppData/Local/Temp/rta/rte/AR1911/ecu_config/bsw/EcuM.arxml C:/Users/mis1mi/AppData/Local/Temp/rta/rte/AR1911/EcucValueCollection_Generated.arxml C:/Users/mis1mi/AppData/Local/Temp/rta/rte/AR1911/DBC_SysDesc.arxml C:/Users/mis1mi/AppData/Local/Temp/rta/rte/AR1911/ecu_config/bsw/BswM_ModeMapping.arxml C:/Users/mis1mi/AppData/Local/Temp/rta/rte/AR1911/ecu_config/bsw/gen/bswmd/PduR_EOC.arxml C:/Users/mis1mi/AppData/Local/Temp/rta/rte/AR1911/ecu_config/rte/internal/Rte_EcucValues.arxml C:/Users/mis1mi/AppData/Local/Temp/rta/rte/AR1911/src/bsw/CanIf/integration/Can_GeneralTypes.arxml C:/Users/mis1mi/AppData/Local/Temp/rta/rte/AR1911/ecu_config/bsw/gen/bswmd/CanSM_Cfg_BSWMD.arxml C:/Users/mis1mi/AppData/Local/Temp/rta/rte/AR1911/ecu_config/os/internal/Os_EcucValues.arxml C:/Users/mis1mi/AppData/Local/Temp/rta/rte/AR1911/ecu_config/bsw/gen/_fwd/ecuc_configuration_values_fwd.arxml C:/Users/mis1mi/AppData/Local/Temp/rta/rte/AR1911/ParkBrakeSystem_EcuExtr.arxml C:/Users/mis1mi/AppData/Local/Temp/rta/rte/AR1911/ParkBrake_Project_EcucValues.arxml C:/Users/mis1mi/AppData/Local/Temp/rta/rte/AR1911/asw_config/DataTypes.arxml ] --strict-unconnected-rport-check=warn --notimestamps --samples=memmap --error-report=xml
RTA-RTE V7.5.0
Copyright (C) ETAS GmbH 2004-2021
Pre-processor warning set to - pragma message
Phase is RTE (license verified)
>Validating XML...
>Validating Containers...
<Validating Containers... done
<Validating XML... done
>Building types database...
<Building types database... done
>Flattening Root Composition...
>Parsing RTE Configuration...
<Parsing RTE Configuration... done
<Flattening Root Composition... done
>Validating Input...
<Validating Input... done
>Finding modes...
<Finding modes... done
>Building skeleton reification tree...
<Building skeleton reification tree... done
>Building reification tree...
<Building reification tree... done
>Generating output files...
<Generating output files... done
>Processing templates...
<Processing templates... done
Messages written to C:/Users/mis1mi/Documents/projects/nevs/mode_management/ParkBrake/src/rte/RteErr.xml.
0 errors, 17 warnings and 20 info messages were generated.
The following files were generated:
	C:/Users/mis1mi/Documents/projects/nevs/mode_management/ParkBrake/src/rte/BswM_MemMap.h
	C:/Users/mis1mi/Documents/projects/nevs/mode_management/ParkBrake/src/rte/ComM_MemMap.h
	C:/Users/mis1mi/Documents/projects/nevs/mode_management/ParkBrake/src/rte/ComSWC_MemMap.h
	C:/Users/mis1mi/Documents/projects/nevs/mode_management/ParkBrake/src/rte/EcuM_MemMap.h
	C:/Users/mis1mi/Documents/projects/nevs/mode_management/ParkBrake/src/rte/MemSWC_MemMap.h
	C:/Users/mis1mi/Documents/projects/nevs/mode_management/ParkBrake/src/rte/NvM_MemMap.h
	C:/Users/mis1mi/Documents/projects/nevs/mode_management/ParkBrake/src/rte/ParkSWC_MemMap.h
	C:/Users/mis1mi/Documents/projects/nevs/mode_management/ParkBrake/src/rte/Rte.c
	C:/Users/mis1mi/Documents/projects/nevs/mode_management/ParkBrake/src/rte/Rte.h
	C:/Users/mis1mi/Documents/projects/nevs/mode_management/ParkBrake/src/rte/Rte_BSWMD.arxml
	C:/Users/mis1mi/Documents/projects/nevs/mode_management/ParkBrake/src/rte/Rte_BswM.h
	C:/Users/mis1mi/Documents/projects/nevs/mode_management/ParkBrake/src/rte/Rte_BswM_Type.h
	C:/Users/mis1mi/Documents/projects/nevs/mode_management/ParkBrake/src/rte/Rte_Catalog.xml
	C:/Users/mis1mi/Documents/projects/nevs/mode_management/ParkBrake/src/rte/Rte_Cbk.h
	C:/Users/mis1mi/Documents/projects/nevs/mode_management/ParkBrake/src/rte/Rte_Cfg.h
	C:/Users/mis1mi/Documents/projects/nevs/mode_management/ParkBrake/src/rte/Rte_ComM.h
	C:/Users/mis1mi/Documents/projects/nevs/mode_management/ParkBrake/src/rte/Rte_ComM_Type.h
	C:/Users/mis1mi/Documents/projects/nevs/mode_management/ParkBrake/src/rte/Rte_ComSWC.h
	C:/Users/mis1mi/Documents/projects/nevs/mode_management/ParkBrake/src/rte/Rte_ComSWC_Type.h
	C:/Users/mis1mi/Documents/projects/nevs/mode_management/ParkBrake/src/rte/Rte_Const.h
	C:/Users/mis1mi/Documents/projects/nevs/mode_management/ParkBrake/src/rte/Rte_DataHandleType.h
	C:/Users/mis1mi/Documents/projects/nevs/mode_management/ParkBrake/src/rte/Rte_EcuM.h
	C:/Users/mis1mi/Documents/projects/nevs/mode_management/ParkBrake/src/rte/Rte_EcuM_Type.h
	C:/Users/mis1mi/Documents/projects/nevs/mode_management/ParkBrake/src/rte/Rte_Hook.h
	C:/Users/mis1mi/Documents/projects/nevs/mode_management/ParkBrake/src/rte/Rte_Intl.h
	C:/Users/mis1mi/Documents/projects/nevs/mode_management/ParkBrake/src/rte/Rte_Lib.c
	C:/Users/mis1mi/Documents/projects/nevs/mode_management/ParkBrake/src/rte/Rte_Main.h
	C:/Users/mis1mi/Documents/projects/nevs/mode_management/ParkBrake/src/rte/Rte_McSupportData.arxml
	C:/Users/mis1mi/Documents/projects/nevs/mode_management/ParkBrake/src/rte/Rte_MemSWC.h
	C:/Users/mis1mi/Documents/projects/nevs/mode_management/ParkBrake/src/rte/Rte_MemSWC_Type.h
	C:/Users/mis1mi/Documents/projects/nevs/mode_management/ParkBrake/src/rte/Rte_NvM.h
	C:/Users/mis1mi/Documents/projects/nevs/mode_management/ParkBrake/src/rte/Rte_NvM_Type.h
	C:/Users/mis1mi/Documents/projects/nevs/mode_management/ParkBrake/src/rte/Rte_Os_Type.h
	C:/Users/mis1mi/Documents/projects/nevs/mode_management/ParkBrake/src/rte/Rte_ParkSWC.h
	C:/Users/mis1mi/Documents/projects/nevs/mode_management/ParkBrake/src/rte/Rte_ParkSWC_Type.h
	C:/Users/mis1mi/Documents/projects/nevs/mode_management/ParkBrake/src/rte/Rte_SystemSWC.h
	C:/Users/mis1mi/Documents/projects/nevs/mode_management/ParkBrake/src/rte/Rte_SystemSWC_Type.h
	C:/Users/mis1mi/Documents/projects/nevs/mode_management/ParkBrake/src/rte/Rte_Type.h
	C:/Users/mis1mi/Documents/projects/nevs/mode_management/ParkBrake/src/rte/SchM_BswM.h
	C:/Users/mis1mi/Documents/projects/nevs/mode_management/ParkBrake/src/rte/SchM_BswM_Type.h
	C:/Users/mis1mi/Documents/projects/nevs/mode_management/ParkBrake/src/rte/SchM_Can.h
	C:/Users/mis1mi/Documents/projects/nevs/mode_management/ParkBrake/src/rte/SchM_CanIf.h
	C:/Users/mis1mi/Documents/projects/nevs/mode_management/ParkBrake/src/rte/SchM_CanIf_Type.h
	C:/Users/mis1mi/Documents/projects/nevs/mode_management/ParkBrake/src/rte/SchM_CanSM.h
	C:/Users/mis1mi/Documents/projects/nevs/mode_management/ParkBrake/src/rte/SchM_CanSM_Type.h
	C:/Users/mis1mi/Documents/projects/nevs/mode_management/ParkBrake/src/rte/SchM_Can_Type.h
	C:/Users/mis1mi/Documents/projects/nevs/mode_management/ParkBrake/src/rte/SchM_Com.h
	C:/Users/mis1mi/Documents/projects/nevs/mode_management/ParkBrake/src/rte/SchM_ComM.h
	C:/Users/mis1mi/Documents/projects/nevs/mode_management/ParkBrake/src/rte/SchM_ComM_Type.h
	C:/Users/mis1mi/Documents/projects/nevs/mode_management/ParkBrake/src/rte/SchM_Com_Type.h
	C:/Users/mis1mi/Documents/projects/nevs/mode_management/ParkBrake/src/rte/SchM_EcuM.h
	C:/Users/mis1mi/Documents/projects/nevs/mode_management/ParkBrake/src/rte/SchM_EcuM_Type.h
	C:/Users/mis1mi/Documents/projects/nevs/mode_management/ParkBrake/src/rte/SchM_MemIf.h
	C:/Users/mis1mi/Documents/projects/nevs/mode_management/ParkBrake/src/rte/SchM_MemIf_Type.h
	C:/Users/mis1mi/Documents/projects/nevs/mode_management/ParkBrake/src/rte/SchM_NvM.h
	C:/Users/mis1mi/Documents/projects/nevs/mode_management/ParkBrake/src/rte/SchM_NvM_Type.h
	C:/Users/mis1mi/Documents/projects/nevs/mode_management/ParkBrake/src/rte/SchM_PduR.h
	C:/Users/mis1mi/Documents/projects/nevs/mode_management/ParkBrake/src/rte/SchM_PduR_Type.h
	C:/Users/mis1mi/Documents/projects/nevs/mode_management/ParkBrake/src/rte/SystemSWC_MemMap.h
	C:/Users/mis1mi/Documents/projects/nevs/mode_management/ParkBrake/src/rte/osNeeds.arxml
Command: C:\ETAS\RTA-CAR_9.2.0\RTA-RTE_7.5.0/bin/RTEGen.exe -q 1 -r /DBC_SysDesc_Can_Network/Pkg_Ecu/ParkBrake -o [*.*]"C:/Users/mis1mi/Documents/projects/nevs/mode_management/ParkBrake/src/rte" -f "C:/Users/mis1mi/Documents/projects/nevs/mode_management/ParkBrake/src/rte/rtegen_files.lst" --strict-unconnected-rport-check=warn --notimestamps --samples=memmap --error-report=xml

Execution of action RTA_RTE successfully completed
********************************************************************************
********************************************************************************
Post build execution has started at 18:00:54:219 hh:mm:ss:ms 
********************************************************************************
Execute action: ProblemsLogEntryCreator 
********************************************************************************
Execution of action ProblemsLogEntryCreator successfully completed
********************************************************************************
Execute action: RtePostProcessor 
********************************************************************************
Execution of action RtePostProcessor successfully completed
********************************************************************************

********************************************************************************
Pre Build Summary 
********************************************************************************
- RtePreProcessor --> Success (Executed for 00:00:00:881 hh:mm:ss:ms)
Build Summary 
********************************************************************************
- RTA_RTE --> Success (Executed for 00:00:05:221 hh:mm:ss:ms)
********************************************************************************
Post Build Summary 
********************************************************************************
- ProblemsLogEntryCreator --> Success (Executed for 00:00:00:037 hh:mm:ss:ms)
- RtePostProcessor --> Success (Executed for 00:00:00:038 hh:mm:ss:ms)
Time taken for the complete build: 00:00:07:034
